[11-08-2019 03:11:36] PayPal\Core\PayPalHttpConnection : INFO: POST https://api.sandbox.paypal.com/v1/oauth2/token
[11-08-2019 03:11:38] PayPal\Core\PayPalHttpConnection : INFO: Response Status 	: 401
[11-08-2019 03:11:38] PayPal\Core\PayPalHttpConnection : ERROR: Got Http response code 401 when accessing https://api.sandbox.paypal.com/v1/oauth2/token. {"error":"invalid_client","error_description":"Client Authentication failed"}
[11-08-2019 03:15:00] PayPal\Core\PayPalHttpConnection : INFO: POST https://api.sandbox.paypal.com/v1/oauth2/token
[11-08-2019 03:15:01] PayPal\Core\PayPalHttpConnection : INFO: Response Status 	: 401
[11-08-2019 03:15:01] PayPal\Core\PayPalHttpConnection : ERROR: Got Http response code 401 when accessing https://api.sandbox.paypal.com/v1/oauth2/token. {"error":"invalid_client","error_description":"Client Authentication failed"}
[11-08-2019 03:16:23] PayPal\Core\PayPalHttpConnection : INFO: POST https://api.sandbox.paypal.com/v1/oauth2/token
[11-08-2019 03:16:24] PayPal\Core\PayPalHttpConnection : INFO: Response Status 	: 401
[11-08-2019 03:16:24] PayPal\Core\PayPalHttpConnection : ERROR: Got Http response code 401 when accessing https://api.sandbox.paypal.com/v1/oauth2/token. {"error":"invalid_client","error_description":"Client Authentication failed"}
[11-08-2019 04:17:31] PayPal\Core\PayPalHttpConnection : INFO: POST https://api.sandbox.paypal.com/v1/oauth2/token
[11-08-2019 04:17:32] PayPal\Core\PayPalHttpConnection : INFO: Response Status 	: 401
[11-08-2019 04:17:32] PayPal\Core\PayPalHttpConnection : ERROR: Got Http response code 401 when accessing https://api.sandbox.paypal.com/v1/oauth2/token. {"error":"invalid_client","error_description":"Client Authentication failed"}
[11-08-2019 07:04:11] PayPal\Core\PayPalHttpConnection : INFO: POST https://api.sandbox.paypal.com/v1/oauth2/token
[11-08-2019 07:04:12] PayPal\Core\PayPalHttpConnection : INFO: Response Status 	: 401
[11-08-2019 07:04:12] PayPal\Core\PayPalHttpConnection : ERROR: Got Http response code 401 when accessing https://api.sandbox.paypal.com/v1/oauth2/token. {"error":"invalid_client","error_description":"Client Authentication failed"}
[11-08-2019 07:08:14] PayPal\Core\PayPalHttpConnection : INFO: POST https://api.sandbox.paypal.com/v1/oauth2/token
[11-08-2019 07:08:15] PayPal\Core\PayPalHttpConnection : INFO: Response Status 	: 401
[11-08-2019 07:08:15] PayPal\Core\PayPalHttpConnection : ERROR: Got Http response code 401 when accessing https://api.sandbox.paypal.com/v1/oauth2/token. {"error":"invalid_client","error_description":"Client Authentication failed"}
[11-08-2019 07:11:29] PayPal\Core\PayPalHttpConnection : INFO: POST https://api.sandbox.paypal.com/v1/oauth2/token
[11-08-2019 07:11:31] PayPal\Core\PayPalHttpConnection : INFO: Response Status 	: 401
[11-08-2019 07:11:31] PayPal\Core\PayPalHttpConnection : ERROR: Got Http response code 401 when accessing https://api.sandbox.paypal.com/v1/oauth2/token. {"error":"invalid_client","error_description":"Client Authentication failed"}
[11-08-2019 07:11:37] PayPal\Core\PayPalHttpConnection : INFO: POST https://api.sandbox.paypal.com/v1/oauth2/token
[11-08-2019 07:11:38] PayPal\Core\PayPalHttpConnection : INFO: Response Status 	: 401
[11-08-2019 07:11:38] PayPal\Core\PayPalHttpConnection : ERROR: Got Http response code 401 when accessing https://api.sandbox.paypal.com/v1/oauth2/token. {"error":"invalid_client","error_description":"Client Authentication failed"}
[11-08-2019 07:16:14] PayPal\Core\PayPalHttpConnection : INFO: POST https://api.sandbox.paypal.com/v1/oauth2/token
[11-08-2019 07:16:15] PayPal\Core\PayPalHttpConnection : INFO: Response Status 	: 401
[11-08-2019 07:16:15] PayPal\Core\PayPalHttpConnection : ERROR: Got Http response code 401 when accessing https://api.sandbox.paypal.com/v1/oauth2/token. {"error":"invalid_client","error_description":"Client Authentication failed"}
[11-08-2019 07:17:35] PayPal\Core\PayPalHttpConnection : INFO: POST https://api.sandbox.paypal.com/v1/oauth2/token
[11-08-2019 07:17:36] PayPal\Core\PayPalHttpConnection : INFO: Response Status 	: 401
[11-08-2019 07:17:36] PayPal\Core\PayPalHttpConnection : ERROR: Got Http response code 401 when accessing https://api.sandbox.paypal.com/v1/oauth2/token. {"error":"invalid_client","error_description":"Client Authentication failed"}
[11-08-2019 07:17:56] PayPal\Core\PayPalHttpConnection : INFO: POST https://api.sandbox.paypal.com/v1/oauth2/token
[11-08-2019 07:17:57] PayPal\Core\PayPalHttpConnection : INFO: Response Status 	: 401
[11-08-2019 07:17:57] PayPal\Core\PayPalHttpConnection : ERROR: Got Http response code 401 when accessing https://api.sandbox.paypal.com/v1/oauth2/token. {"error":"invalid_client","error_description":"Client Authentication failed"}
[11-08-2019 07:18:55] PayPal\Core\PayPalHttpConnection : INFO: POST https://api.sandbox.paypal.com/v1/oauth2/token
[11-08-2019 07:18:56] PayPal\Core\PayPalHttpConnection : INFO: Response Status 	: 401
[11-08-2019 07:18:56] PayPal\Core\PayPalHttpConnection : ERROR: Got Http response code 401 when accessing https://api.sandbox.paypal.com/v1/oauth2/token. {"error":"invalid_client","error_description":"Client Authentication failed"}
[11-08-2019 07:22:04] PayPal\Core\PayPalHttpConnection : INFO: POST https://api.sandbox.paypal.com/v1/oauth2/token
[11-08-2019 07:22:05] PayPal\Core\PayPalHttpConnection : INFO: Response Status 	: 401
[11-08-2019 07:22:05] PayPal\Core\PayPalHttpConnection : ERROR: Got Http response code 401 when accessing https://api.sandbox.paypal.com/v1/oauth2/token. {"error":"invalid_client","error_description":"Client Authentication failed"}
[11-08-2019 07:27:11] PayPal\Core\PayPalHttpConnection : INFO: POST https://api.sandbox.paypal.com/v1/oauth2/token
[11-08-2019 07:27:13] PayPal\Core\PayPalHttpConnection : INFO: Response Status 	: 200
[11-08-2019 07:27:13] PayPal\Core\PayPalHttpConnection : INFO: GET https://api.sandbox.paypal.com/v1/payments/payment?count=1&start_index=0
[11-08-2019 07:27:14] PayPal\Core\PayPalHttpConnection : INFO: Response Status 	: 200
[11-08-2019 07:30:34] PayPal\Core\PayPalHttpConnection : INFO: POST https://api.sandbox.paypal.com/v1/oauth2/token
[11-08-2019 07:30:35] PayPal\Core\PayPalHttpConnection : INFO: Response Status 	: 200
[11-08-2019 07:30:35] PayPal\Core\PayPalHttpConnection : INFO: GET https://api.sandbox.paypal.com/v1/payments/payment?count=1&start_index=0
[11-08-2019 07:30:38] PayPal\Core\PayPalHttpConnection : INFO: Response Status 	: 200
[11-08-2019 07:32:29] PayPal\Core\PayPalHttpConnection : INFO: POST https://api.sandbox.paypal.com/v1/oauth2/token
[11-08-2019 07:32:30] PayPal\Core\PayPalHttpConnection : INFO: Response Status 	: 200
[11-08-2019 07:32:30] PayPal\Core\PayPalHttpConnection : INFO: GET https://api.sandbox.paypal.com/v1/payments/payment?count=3&start_index=0
[11-08-2019 07:32:33] PayPal\Core\PayPalHttpConnection : INFO: Response Status 	: 200
[11-08-2019 10:10:10] PayPal\Core\PayPalHttpConnection : INFO: POST https://api.sandbox.paypal.com/v1/oauth2/token
[11-08-2019 10:10:13] PayPal\Core\PayPalHttpConnection : INFO: Response Status 	: 200
[11-08-2019 10:10:13] PayPal\Core\PayPalHttpConnection : INFO: GET https://api.sandbox.paypal.com/v1/payments/payment?count=3&start_index=0
[11-08-2019 10:10:16] PayPal\Core\PayPalHttpConnection : INFO: Response Status 	: 200
[11-08-2019 10:26:06] PayPal\Core\PayPalHttpConnection : INFO: POST https://api.sandbox.paypal.com/v1/oauth2/token
[11-08-2019 10:26:07] PayPal\Core\PayPalHttpConnection : INFO: Response Status 	: 200
[11-08-2019 10:26:07] PayPal\Core\PayPalHttpConnection : INFO: GET https://api.sandbox.paypal.com/v1/payments/payment?count=3&start_index=0
[11-08-2019 10:26:10] PayPal\Core\PayPalHttpConnection : INFO: Response Status 	: 200
[11-08-2019 10:26:20] PayPal\Core\PayPalHttpConnection : INFO: POST https://api.sandbox.paypal.com/v1/oauth2/token
[11-08-2019 10:26:21] PayPal\Core\PayPalHttpConnection : INFO: Response Status 	: 200
[11-08-2019 10:26:21] PayPal\Core\PayPalHttpConnection : INFO: GET https://api.sandbox.paypal.com/v1/payments/payment?count=3&start_index=0
[11-08-2019 10:26:23] PayPal\Core\PayPalHttpConnection : INFO: Response Status 	: 200
[11-08-2019 10:39:51] PayPal\Core\PayPalHttpConnection : INFO: POST https://api.sandbox.paypal.com/v1/oauth2/token
[11-08-2019 10:39:52] PayPal\Core\PayPalHttpConnection : INFO: Response Status 	: 200
[11-08-2019 10:39:52] PayPal\Core\PayPalHttpConnection : INFO: GET https://api.sandbox.paypal.com/v1/payments/payment?count=1&start_index=0
[11-08-2019 10:39:54] PayPal\Core\PayPalHttpConnection : INFO: Response Status 	: 200
[11-08-2019 10:40:36] PayPal\Core\PayPalHttpConnection : INFO: POST https://api.sandbox.paypal.com/v1/oauth2/token
[11-08-2019 10:40:37] PayPal\Core\PayPalHttpConnection : INFO: Response Status 	: 200
[11-08-2019 10:40:37] PayPal\Core\PayPalHttpConnection : INFO: GET https://api.sandbox.paypal.com/v1/payments/payment?count=4&start_index=0
[11-08-2019 10:40:40] PayPal\Core\PayPalHttpConnection : INFO: Response Status 	: 200
[11-08-2019 10:41:18] PayPal\Core\PayPalHttpConnection : INFO: POST https://api.sandbox.paypal.com/v1/oauth2/token
[11-08-2019 10:41:19] PayPal\Core\PayPalHttpConnection : INFO: Response Status 	: 200
[11-08-2019 10:41:19] PayPal\Core\PayPalHttpConnection : INFO: GET https://api.sandbox.paypal.com/v1/payments/payment?start_index=0
[11-08-2019 10:41:22] PayPal\Core\PayPalHttpConnection : INFO: Response Status 	: 200
[12-08-2019 01:33:33] PayPal\Core\PayPalHttpConnection : INFO: POST https://api.sandbox.paypal.com/v1/oauth2/token
[12-08-2019 01:33:34] PayPal\Core\PayPalHttpConnection : INFO: Response Status 	: 200
[12-08-2019 01:33:34] PayPal\Core\PayPalHttpConnection : INFO: GET https://api.sandbox.paypal.com/v1/payments/payment/PAYID-LVIJWNY6VY086014U1662631
[12-08-2019 01:33:36] PayPal\Core\PayPalHttpConnection : INFO: Response Status 	: 200
[12-08-2019 01:34:09] PayPal\Core\PayPalHttpConnection : INFO: POST https://api.sandbox.paypal.com/v1/oauth2/token
[12-08-2019 01:34:10] PayPal\Core\PayPalHttpConnection : INFO: Response Status 	: 200
[12-08-2019 01:34:10] PayPal\Core\PayPalHttpConnection : INFO: GET https://api.sandbox.paypal.com/v1/payments/payment/PAYID-LVIJWNY6VY086014U1662631
[12-08-2019 01:34:11] PayPal\Core\PayPalHttpConnection : INFO: Response Status 	: 200
[12-08-2019 01:39:58] PayPal\Core\PayPalHttpConnection : INFO: POST https://api.sandbox.paypal.com/v1/oauth2/token
[12-08-2019 01:39:59] PayPal\Core\PayPalHttpConnection : INFO: Response Status 	: 200
[12-08-2019 01:39:59] PayPal\Core\PayPalHttpConnection : INFO: GET https://api.sandbox.paypal.com/v1/payments/payment/PAYID-LVIJWNY6VY086014U1662631
[12-08-2019 01:40:01] PayPal\Core\PayPalHttpConnection : INFO: Response Status 	: 200
[12-08-2019 02:36:31] PayPal\Core\PayPalHttpConnection : INFO: POST https://api.sandbox.paypal.com/v1/oauth2/token
[12-08-2019 02:36:33] PayPal\Core\PayPalHttpConnection : INFO: Response Status 	: 200
[12-08-2019 02:36:33] PayPal\Core\PayPalHttpConnection : INFO: GET https://api.sandbox.paypal.com/v1/payments/payment/PAYID-LVIJWNY6VY086014U1662631
[12-08-2019 02:36:35] PayPal\Core\PayPalHttpConnection : INFO: Response Status 	: 200
[12-08-2019 02:36:35] PayPal\Core\PayPalHttpConnection : INFO: POST https://api.sandbox.paypal.com/v1/oauth2/token
[12-08-2019 02:36:36] PayPal\Core\PayPalHttpConnection : INFO: Response Status 	: 200
[12-08-2019 02:36:36] PayPal\Core\PayPalHttpConnection : INFO: GET https://api.sandbox.paypal.com/v1/payments/payment/PAYID-LVIJWNY6VY086014U1662631
[12-08-2019 02:36:38] PayPal\Core\PayPalHttpConnection : INFO: Response Status 	: 200
[12-08-2019 02:40:44] PayPal\Core\PayPalHttpConnection : INFO: POST https://api.sandbox.paypal.com/v1/oauth2/token
[12-08-2019 02:40:45] PayPal\Core\PayPalHttpConnection : INFO: Response Status 	: 200
[12-08-2019 02:40:45] PayPal\Core\PayPalHttpConnection : INFO: GET https://api.sandbox.paypal.com/v1/payments/payment/PAYID-LVIJWNY6VY086014U1662631
[12-08-2019 02:40:47] PayPal\Core\PayPalHttpConnection : INFO: Response Status 	: 200
[12-08-2019 02:40:47] PayPal\Core\PayPalHttpConnection : INFO: POST https://api.sandbox.paypal.com/v1/oauth2/token
[12-08-2019 02:40:48] PayPal\Core\PayPalHttpConnection : INFO: Response Status 	: 200
[12-08-2019 02:40:48] PayPal\Core\PayPalHttpConnection : INFO: GET https://api.sandbox.paypal.com/v1/payments/payment/PAYID-LVIJWNY6VY086014U1662631
[12-08-2019 02:40:50] PayPal\Core\PayPalHttpConnection : INFO: Response Status 	: 200
[12-08-2019 02:47:31] PayPal\Core\PayPalHttpConnection : INFO: POST https://api.sandbox.paypal.com/v1/oauth2/token
[12-08-2019 02:47:32] PayPal\Core\PayPalHttpConnection : INFO: Response Status 	: 200
[12-08-2019 02:47:32] PayPal\Core\PayPalHttpConnection : INFO: GET https://api.sandbox.paypal.com/v1/payments/payment/PAYID-LVIJWNY6VY086014U1662631
[12-08-2019 02:47:34] PayPal\Core\PayPalHttpConnection : INFO: Response Status 	: 200
[12-08-2019 02:49:48] PayPal\Core\PayPalHttpConnection : INFO: POST https://api.sandbox.paypal.com/v1/oauth2/token
[12-08-2019 02:49:49] PayPal\Core\PayPalHttpConnection : INFO: Response Status 	: 200
[12-08-2019 02:49:49] PayPal\Core\PayPalHttpConnection : INFO: GET https://api.sandbox.paypal.com/v1/payments/payment/PAYID-LVIJWNY6VY086014U1662631
[12-08-2019 02:49:50] PayPal\Core\PayPalHttpConnection : INFO: Response Status 	: 200
[12-08-2019 02:52:08] PayPal\Core\PayPalHttpConnection : INFO: POST https://api.sandbox.paypal.com/v1/oauth2/token
[12-08-2019 02:52:09] PayPal\Core\PayPalHttpConnection : INFO: Response Status 	: 200
[12-08-2019 02:52:09] PayPal\Core\PayPalHttpConnection : INFO: GET https://api.sandbox.paypal.com/v1/payments/payment/PAYID-LVIJWNY6VY086014U1662631
[12-08-2019 02:52:10] PayPal\Core\PayPalHttpConnection : INFO: Response Status 	: 200
[12-08-2019 02:55:55] PayPal\Core\PayPalHttpConnection : INFO: POST https://api.sandbox.paypal.com/v1/oauth2/token
[12-08-2019 02:55:57] PayPal\Core\PayPalHttpConnection : INFO: Response Status 	: 200
[12-08-2019 02:55:57] PayPal\Core\PayPalHttpConnection : INFO: GET https://api.sandbox.paypal.com/v1/payments/payment/PAYID-LVIJWNY6VY086014U1662631
[12-08-2019 02:55:59] PayPal\Core\PayPalHttpConnection : INFO: Response Status 	: 200
[12-08-2019 02:57:27] PayPal\Core\PayPalHttpConnection : INFO: POST https://api.sandbox.paypal.com/v1/oauth2/token
[12-08-2019 02:57:28] PayPal\Core\PayPalHttpConnection : INFO: Response Status 	: 200
[12-08-2019 02:57:28] PayPal\Core\PayPalHttpConnection : INFO: GET https://api.sandbox.paypal.com/v1/payments/payment/PAYID-LVIJWNY6VY086014U1662631
[12-08-2019 02:57:30] PayPal\Core\PayPalHttpConnection : INFO: Response Status 	: 200
[12-08-2019 03:03:36] PayPal\Core\PayPalHttpConnection : INFO: POST https://api.sandbox.paypal.com/v1/oauth2/token
[12-08-2019 03:03:37] PayPal\Core\PayPalHttpConnection : INFO: Response Status 	: 200
[12-08-2019 03:03:37] PayPal\Core\PayPalHttpConnection : INFO: GET https://api.sandbox.paypal.com/v1/payments/payment/PAYID-LVIJWNY6VY086014U1662631
[12-08-2019 03:03:39] PayPal\Core\PayPalHttpConnection : INFO: Response Status 	: 200
[12-08-2019 03:05:38] PayPal\Core\PayPalHttpConnection : INFO: POST https://api.sandbox.paypal.com/v1/oauth2/token
[12-08-2019 03:05:41] PayPal\Core\PayPalHttpConnection : INFO: Response Status 	: 200
[12-08-2019 03:05:41] PayPal\Core\PayPalHttpConnection : INFO: GET https://api.sandbox.paypal.com/v1/payments/payment/PAYID-LVIJWNY6VY086014U1662631
[12-08-2019 03:05:43] PayPal\Core\PayPalHttpConnection : INFO: Response Status 	: 200
[12-08-2019 03:12:00] PayPal\Core\PayPalHttpConnection : INFO: POST https://api.sandbox.paypal.com/v1/oauth2/token
[12-08-2019 03:12:01] PayPal\Core\PayPalHttpConnection : INFO: Response Status 	: 200
[12-08-2019 03:12:01] PayPal\Core\PayPalHttpConnection : INFO: GET https://api.sandbox.paypal.com/v1/payments/payment/PAYID-LVIJWNY6VY086014U1662631
[12-08-2019 03:12:02] PayPal\Core\PayPalHttpConnection : INFO: Response Status 	: 200
[12-08-2019 10:17:41] PayPal\Core\PayPalHttpConnection : INFO: POST https://api.sandbox.paypal.com/v1/oauth2/token
[12-08-2019 10:17:44] PayPal\Core\PayPalHttpConnection : INFO: Response Status 	: 200
[12-08-2019 10:17:44] PayPal\Core\PayPalHttpConnection : INFO: GET https://api.sandbox.paypal.com/v1/payments/payment/PAYID-LVIJWNY6VY086014U1662631
[12-08-2019 10:17:46] PayPal\Core\PayPalHttpConnection : INFO: Response Status 	: 200
[12-08-2019 10:22:56] PayPal\Core\PayPalHttpConnection : INFO: POST https://api.sandbox.paypal.com/v1/oauth2/token
[12-08-2019 10:22:57] PayPal\Core\PayPalHttpConnection : INFO: Response Status 	: 200
[12-08-2019 10:22:57] PayPal\Core\PayPalHttpConnection : INFO: GET https://api.sandbox.paypal.com/v1/payments/payment/PAYID-LVIJWNY6VY086014U1662631
[12-08-2019 10:22:58] PayPal\Core\PayPalHttpConnection : INFO: Response Status 	: 200
[12-08-2019 10:38:12] PayPal\Core\PayPalHttpConnection : INFO: POST https://api.sandbox.paypal.com/v1/oauth2/token
[12-08-2019 10:38:14] PayPal\Core\PayPalHttpConnection : INFO: Response Status 	: 200
[12-08-2019 10:38:14] PayPal\Core\PayPalHttpConnection : INFO: GET https://api.sandbox.paypal.com/v1/payments/payment/PAYID-LVIJWNY6VY086014U1662631
[12-08-2019 10:38:15] PayPal\Core\PayPalHttpConnection : INFO: Response Status 	: 200
[12-08-2019 10:38:16] PayPal\Core\PayPalHttpConnection : INFO: POST https://api.sandbox.paypal.com/v1/oauth2/token
[12-08-2019 10:38:17] PayPal\Core\PayPalHttpConnection : INFO: Response Status 	: 200
[12-08-2019 10:38:17] PayPal\Core\PayPalHttpConnection : INFO: GET https://api.sandbox.paypal.com/v1/payments/payment/PAYID-LVIJWNY6VY086014U1662631
[12-08-2019 10:38:18] PayPal\Core\PayPalHttpConnection : INFO: Response Status 	: 200
[12-08-2019 10:40:42] PayPal\Core\PayPalHttpConnection : INFO: POST https://api.sandbox.paypal.com/v1/oauth2/token
[12-08-2019 10:40:43] PayPal\Core\PayPalHttpConnection : INFO: Response Status 	: 200
[12-08-2019 10:40:43] PayPal\Core\PayPalHttpConnection : INFO: GET https://api.sandbox.paypal.com/v1/payments/payment/PAYID-LVIJWNY6VY086014U1662631
[12-08-2019 10:40:45] PayPal\Core\PayPalHttpConnection : INFO: Response Status 	: 200
[12-08-2019 10:40:45] PayPal\Core\PayPalHttpConnection : INFO: POST https://api.sandbox.paypal.com/v1/oauth2/token
[12-08-2019 10:40:46] PayPal\Core\PayPalHttpConnection : INFO: Response Status 	: 200
[12-08-2019 10:40:46] PayPal\Core\PayPalHttpConnection : INFO: GET https://api.sandbox.paypal.com/v1/payments/payment/PAYID-LVIJWNY6VY086014U1662631
[12-08-2019 10:40:48] PayPal\Core\PayPalHttpConnection : INFO: Response Status 	: 200
[12-08-2019 10:42:43] PayPal\Core\PayPalHttpConnection : INFO: POST https://api.sandbox.paypal.com/v1/oauth2/token
[12-08-2019 10:42:44] PayPal\Core\PayPalHttpConnection : INFO: Response Status 	: 200
[12-08-2019 10:42:44] PayPal\Core\PayPalHttpConnection : INFO: GET https://api.sandbox.paypal.com/v1/payments/payment/PAYID-LVIJWNY6VY086014U1662631
[12-08-2019 10:42:45] PayPal\Core\PayPalHttpConnection : INFO: Response Status 	: 200
[12-08-2019 10:43:26] PayPal\Core\PayPalHttpConnection : INFO: POST https://api.sandbox.paypal.com/v1/oauth2/token
[12-08-2019 10:43:27] PayPal\Core\PayPalHttpConnection : INFO: Response Status 	: 200
[12-08-2019 10:43:27] PayPal\Core\PayPalHttpConnection : INFO: GET https://api.sandbox.paypal.com/v1/payments/payment/PAYID-LVIJWNY6VY086014U1662631
[12-08-2019 10:43:28] PayPal\Core\PayPalHttpConnection : INFO: Response Status 	: 200
[12-08-2019 10:45:34] PayPal\Core\PayPalHttpConnection : INFO: POST https://api.sandbox.paypal.com/v1/oauth2/token
[12-08-2019 10:45:35] PayPal\Core\PayPalHttpConnection : INFO: Response Status 	: 200
[12-08-2019 10:45:35] PayPal\Core\PayPalHttpConnection : INFO: GET https://api.sandbox.paypal.com/v1/payments/payment/PAYID-LVIJWNY6VY086014U1662631
[12-08-2019 10:45:37] PayPal\Core\PayPalHttpConnection : INFO: Response Status 	: 200
[12-08-2019 10:46:16] PayPal\Core\PayPalHttpConnection : INFO: POST https://api.sandbox.paypal.com/v1/oauth2/token
[12-08-2019 10:46:17] PayPal\Core\PayPalHttpConnection : INFO: Response Status 	: 200
[12-08-2019 10:46:17] PayPal\Core\PayPalHttpConnection : INFO: GET https://api.sandbox.paypal.com/v1/payments/payment/PAYID-LVIJWNY6VY086014U1662631
[12-08-2019 10:46:18] PayPal\Core\PayPalHttpConnection : INFO: Response Status 	: 200
[12-08-2019 10:47:48] PayPal\Core\PayPalHttpConnection : INFO: POST https://api.sandbox.paypal.com/v1/oauth2/token
[12-08-2019 10:47:49] PayPal\Core\PayPalHttpConnection : INFO: Response Status 	: 200
[12-08-2019 10:47:49] PayPal\Core\PayPalHttpConnection : INFO: GET https://api.sandbox.paypal.com/v1/payments/payment/PAYID-LVIJWNY6VY086014U1662631
[12-08-2019 10:47:50] PayPal\Core\PayPalHttpConnection : INFO: Response Status 	: 200
[12-08-2019 10:48:19] PayPal\Core\PayPalHttpConnection : INFO: POST https://api.sandbox.paypal.com/v1/oauth2/token
[12-08-2019 10:48:21] PayPal\Core\PayPalHttpConnection : INFO: Response Status 	: 200
[12-08-2019 10:48:21] PayPal\Core\PayPalHttpConnection : INFO: GET https://api.sandbox.paypal.com/v1/payments/payment/PAYID-LVIJWNY6VY086014U1662631
[12-08-2019 10:48:22] PayPal\Core\PayPalHttpConnection : INFO: Response Status 	: 200
[12-08-2019 10:54:26] PayPal\Core\PayPalHttpConnection : INFO: POST https://api.sandbox.paypal.com/v1/oauth2/token
[12-08-2019 10:54:28] PayPal\Core\PayPalHttpConnection : INFO: Response Status 	: 200
[12-08-2019 10:54:28] PayPal\Core\PayPalHttpConnection : INFO: GET https://api.sandbox.paypal.com/v1/payments/payment/PAYID-LVIJWNY6VY086014U1662631
[12-08-2019 10:54:29] PayPal\Core\PayPalHttpConnection : INFO: Response Status 	: 200
[12-08-2019 10:58:17] PayPal\Core\PayPalHttpConnection : INFO: POST https://api.sandbox.paypal.com/v1/oauth2/token
[12-08-2019 10:58:18] PayPal\Core\PayPalHttpConnection : INFO: Response Status 	: 200
[12-08-2019 10:58:18] PayPal\Core\PayPalHttpConnection : INFO: GET https://api.sandbox.paypal.com/v1/payments/payment/PAYID-LVIJWNY6VY086014U1662631
[12-08-2019 10:58:20] PayPal\Core\PayPalHttpConnection : INFO: Response Status 	: 200
[12-08-2019 10:59:28] PayPal\Core\PayPalHttpConnection : INFO: POST https://api.sandbox.paypal.com/v1/oauth2/token
[12-08-2019 10:59:30] PayPal\Core\PayPalHttpConnection : INFO: Response Status 	: 200
[12-08-2019 10:59:30] PayPal\Core\PayPalHttpConnection : INFO: GET https://api.sandbox.paypal.com/v1/payments/payment/PAYID-LVIJWNY6VY086014U1662631
[12-08-2019 10:59:31] PayPal\Core\PayPalHttpConnection : INFO: Response Status 	: 200
[12-08-2019 11:01:49] PayPal\Core\PayPalHttpConnection : INFO: POST https://api.sandbox.paypal.com/v1/oauth2/token
[12-08-2019 11:01:50] PayPal\Core\PayPalHttpConnection : INFO: Response Status 	: 200
[12-08-2019 11:01:50] PayPal\Core\PayPalHttpConnection : INFO: GET https://api.sandbox.paypal.com/v1/payments/payment/PAYID-LVIJWNY6VY086014U1662631
[12-08-2019 11:01:51] PayPal\Core\PayPalHttpConnection : INFO: Response Status 	: 200
[13-08-2019 10:11:56] PayPal\Core\PayPalHttpConnection : INFO: POST https://api.sandbox.paypal.com/v1/oauth2/token
[13-08-2019 10:11:59] PayPal\Core\PayPalHttpConnection : INFO: Response Status 	: 200
[13-08-2019 10:11:59] PayPal\Core\PayPalHttpConnection : INFO: GET https://api.sandbox.paypal.com/v1/payments/payment/PAYID-LVIJWNY6VY086014U1662631
[13-08-2019 10:12:00] PayPal\Core\PayPalHttpConnection : INFO: Response Status 	: 200
[13-08-2019 11:00:20] PayPal\Core\PayPalHttpConnection : INFO: POST https://api.sandbox.paypal.com/v1/oauth2/token
[13-08-2019 11:00:21] PayPal\Core\PayPalHttpConnection : INFO: Response Status 	: 200
[13-08-2019 11:00:21] PayPal\Core\PayPalHttpConnection : INFO: GET https://api.sandbox.paypal.com/v1/payments/payment/PAYID-LVIJWNY6VY086014U1662631
[13-08-2019 11:00:23] PayPal\Core\PayPalHttpConnection : INFO: Response Status 	: 200
[13-08-2019 11:02:35] PayPal\Core\PayPalHttpConnection : INFO: POST https://api.sandbox.paypal.com/v1/oauth2/token
[13-08-2019 11:02:36] PayPal\Core\PayPalHttpConnection : INFO: Response Status 	: 200
[13-08-2019 11:02:36] PayPal\Core\PayPalHttpConnection : INFO: GET https://api.sandbox.paypal.com/v1/payments/payment/PAYID-LVIJWNY6VY086014U1662631
[13-08-2019 11:02:37] PayPal\Core\PayPalHttpConnection : INFO: Response Status 	: 200
[13-08-2019 11:03:15] PayPal\Core\PayPalHttpConnection : INFO: POST https://api.sandbox.paypal.com/v1/oauth2/token
[13-08-2019 11:03:16] PayPal\Core\PayPalHttpConnection : INFO: Response Status 	: 200
[13-08-2019 11:03:16] PayPal\Core\PayPalHttpConnection : INFO: GET https://api.sandbox.paypal.com/v1/payments/payment/PAYID-LVIJWNY6VY086014U1662631
[13-08-2019 11:03:17] PayPal\Core\PayPalHttpConnection : INFO: Response Status 	: 200
[13-08-2019 11:04:02] PayPal\Core\PayPalHttpConnection : INFO: POST https://api.sandbox.paypal.com/v1/oauth2/token
[13-08-2019 11:04:03] PayPal\Core\PayPalHttpConnection : INFO: Response Status 	: 200
[13-08-2019 11:04:03] PayPal\Core\PayPalHttpConnection : INFO: GET https://api.sandbox.paypal.com/v1/payments/payment/PAYID-LVIJWNY6VY086014U1662631
[13-08-2019 11:04:05] PayPal\Core\PayPalHttpConnection : INFO: Response Status 	: 200
[13-08-2019 11:05:53] PayPal\Core\PayPalHttpConnection : INFO: POST https://api.sandbox.paypal.com/v1/oauth2/token
[13-08-2019 11:05:54] PayPal\Core\PayPalHttpConnection : INFO: Response Status 	: 200
[13-08-2019 11:05:54] PayPal\Core\PayPalHttpConnection : INFO: GET https://api.sandbox.paypal.com/v1/payments/payment/PAYID-LVIJWNY6VY086014U1662631
[13-08-2019 11:05:56] PayPal\Core\PayPalHttpConnection : INFO: Response Status 	: 200
[14-08-2019 02:06:52] PayPal\Core\PayPalHttpConnection : INFO: POST https://api.sandbox.paypal.com/v1/oauth2/token
[14-08-2019 02:06:54] PayPal\Core\PayPalHttpConnection : INFO: Response Status 	: 200
[14-08-2019 02:06:54] PayPal\Core\PayPalHttpConnection : INFO: GET https://api.sandbox.paypal.com/v1/payments/payment/PAYID-LVIJWNY6VY086014U1662631
[14-08-2019 02:06:56] PayPal\Core\PayPalHttpConnection : INFO: Response Status 	: 200
[14-08-2019 02:09:38] PayPal\Core\PayPalHttpConnection : INFO: POST https://api.sandbox.paypal.com/v1/oauth2/token
[14-08-2019 02:09:39] PayPal\Core\PayPalHttpConnection : INFO: Response Status 	: 200
[14-08-2019 02:09:39] PayPal\Core\PayPalHttpConnection : INFO: GET https://api.sandbox.paypal.com/v1/payments/payment/PAYID-LVIJWNY6VY086014U1662631
[14-08-2019 02:09:40] PayPal\Core\PayPalHttpConnection : INFO: Response Status 	: 200
[14-08-2019 02:12:44] PayPal\Core\PayPalHttpConnection : INFO: POST https://api.sandbox.paypal.com/v1/oauth2/token
[14-08-2019 02:12:45] PayPal\Core\PayPalHttpConnection : INFO: Response Status 	: 200
[14-08-2019 02:12:45] PayPal\Core\PayPalHttpConnection : INFO: GET https://api.sandbox.paypal.com/v1/payments/payment/PAYID-LVIJWNY6VY086014U1662631
[14-08-2019 02:12:47] PayPal\Core\PayPalHttpConnection : INFO: Response Status 	: 200
[14-08-2019 02:30:09] PayPal\Core\PayPalHttpConnection : INFO: POST https://api.sandbox.paypal.com/v1/oauth2/token
[14-08-2019 02:30:11] PayPal\Core\PayPalHttpConnection : INFO: Response Status 	: 200
[14-08-2019 02:30:11] PayPal\Core\PayPalHttpConnection : INFO: GET https://api.sandbox.paypal.com/v1/payments/payment/PAYID-LVIJWNY6VY086014U1662631
[14-08-2019 02:30:12] PayPal\Core\PayPalHttpConnection : INFO: Response Status 	: 200
[14-08-2019 10:07:41] PayPal\Core\PayPalHttpConnection : INFO: POST https://api.sandbox.paypal.com/v1/oauth2/token
[14-08-2019 10:07:45] PayPal\Core\PayPalHttpConnection : INFO: Response Status 	: 200
[14-08-2019 10:07:45] PayPal\Core\PayPalHttpConnection : INFO: GET https://api.sandbox.paypal.com/v1/payments/payment/PAYID-LVIJWNY6VY086014U1662631
[14-08-2019 10:07:47] PayPal\Core\PayPalHttpConnection : INFO: Response Status 	: 200
[14-08-2019 11:06:31] PayPal\Core\PayPalHttpConnection : INFO: POST https://api.sandbox.paypal.com/v1/oauth2/token
[14-08-2019 11:06:32] PayPal\Core\PayPalHttpConnection : INFO: Response Status 	: 200
[14-08-2019 11:06:32] PayPal\Core\PayPalHttpConnection : INFO: GET https://api.sandbox.paypal.com/v1/payments/payment/PAYID-LVIJWNY6VY086014U1662631
[14-08-2019 11:06:33] PayPal\Core\PayPalHttpConnection : INFO: Response Status 	: 200
[09-09-2019 04:17:46] PayPal\Core\PayPalHttpConnection : INFO: POST https://api.sandbox.paypal.com/v1/oauth2/token
[09-09-2019 04:17:47] PayPal\Core\PayPalHttpConnection : INFO: Response Status 	: 200
[09-09-2019 04:17:47] PayPal\Core\PayPalHttpConnection : INFO: GET https://api.sandbox.paypal.com/v1/payments/payment/PAYID-LV22YQQ7WW91337HS150325Y
[09-09-2019 04:17:49] PayPal\Core\PayPalHttpConnection : INFO: Response Status 	: 200
[09-09-2019 04:18:03] PayPal\Core\PayPalHttpConnection : INFO: POST https://api.sandbox.paypal.com/v1/oauth2/token
[09-09-2019 04:18:04] PayPal\Core\PayPalHttpConnection : INFO: Response Status 	: 200
[09-09-2019 04:18:04] PayPal\Core\PayPalHttpConnection : INFO: GET https://api.sandbox.paypal.com/v1/payments/payment/PAYID-LV22YQQ7WW91337HS150325Y
[09-09-2019 04:18:05] PayPal\Core\PayPalHttpConnection : INFO: Response Status 	: 200
[09-09-2019 04:18:13] PayPal\Core\PayPalHttpConnection : INFO: POST https://api.sandbox.paypal.com/v1/oauth2/token
[09-09-2019 04:18:14] PayPal\Core\PayPalHttpConnection : INFO: Response Status 	: 200
[09-09-2019 04:18:14] PayPal\Core\PayPalHttpConnection : INFO: GET https://api.sandbox.paypal.com/v1/payments/payment/PAYID-LV22YQQ7WW91337HS150325Y
[09-09-2019 04:18:16] PayPal\Core\PayPalHttpConnection : INFO: Response Status 	: 200
[10-09-2019 01:33:19] PayPal\Core\PayPalHttpConnection : INFO: POST https://api.sandbox.paypal.com/v1/oauth2/token
[10-09-2019 01:33:23] PayPal\Core\PayPalHttpConnection : INFO: Response Status 	: 200
[10-09-2019 01:33:23] PayPal\Core\PayPalHttpConnection : INFO: GET https://api.sandbox.paypal.com/v1/payments/payment/PAYID-LV22YQQ7WW91337HS150325Y
[10-09-2019 01:33:25] PayPal\Core\PayPalHttpConnection : INFO: Response Status 	: 200
[10-09-2019 01:35:07] PayPal\Core\PayPalHttpConnection : INFO: POST https://api.sandbox.paypal.com/v1/oauth2/token
[10-09-2019 01:35:08] PayPal\Core\PayPalHttpConnection : INFO: Response Status 	: 200
[10-09-2019 01:35:08] PayPal\Core\PayPalHttpConnection : INFO: GET https://api.sandbox.paypal.com/v1/payments/payment/PAYID-LV22YQQ7WW91337HS150325Y
[10-09-2019 01:35:10] PayPal\Core\PayPalHttpConnection : INFO: Response Status 	: 200
[11-10-2019 02:06:23] PayPal\Core\PayPalHttpConnection : INFO: POST https://api.sandbox.paypal.com/v1/oauth2/token
[11-10-2019 02:06:26] PayPal\Core\PayPalHttpConnection : INFO: Response Status 	: 200
[11-10-2019 02:06:26] PayPal\Core\PayPalHttpConnection : INFO: GET https://api.sandbox.paypal.com/v1/payments/payment/PAYID-LV22YQQ7WW91337HS150325Y
[11-10-2019 02:06:28] PayPal\Core\PayPalHttpConnection : INFO: Response Status 	: 200
[11-10-2019 02:06:29] PayPal\Core\PayPalHttpConnection : INFO: POST https://api.sandbox.paypal.com/v1/oauth2/token
[11-10-2019 02:06:30] PayPal\Core\PayPalHttpConnection : INFO: Response Status 	: 200
[11-10-2019 02:06:30] PayPal\Core\PayPalHttpConnection : INFO: GET https://api.sandbox.paypal.com/v1/payments/payment/PAYID-LV22YQQ7WW91337HS150325Y
[11-10-2019 02:06:33] PayPal\Core\PayPalHttpConnection : INFO: Response Status 	: 200
[11-10-2019 02:42:50] PayPal\Core\PayPalHttpConnection : INFO: POST https://api.sandbox.paypal.com/v1/oauth2/token
[11-10-2019 02:42:51] PayPal\Core\PayPalHttpConnection : INFO: Response Status 	: 200
[11-10-2019 02:42:53] PayPal\Core\PayPalHttpConnection : INFO: GET https://api.sandbox.paypal.com/v1/payments/payment/PAYID-LWP6X5Y0RF33682US9174934
[11-10-2019 02:42:54] PayPal\Core\PayPalHttpConnection : INFO: Response Status 	: 200
[11-10-2019 02:43:05] PayPal\Core\PayPalHttpConnection : INFO: POST https://api.sandbox.paypal.com/v1/oauth2/token
[11-10-2019 02:43:06] PayPal\Core\PayPalHttpConnection : INFO: Response Status 	: 200
[11-10-2019 02:43:06] PayPal\Core\PayPalHttpConnection : INFO: GET https://api.sandbox.paypal.com/v1/payments/payment/PAYID-LWP6VSQ0UE52132LN238854P
[11-10-2019 02:43:07] PayPal\Core\PayPalHttpConnection : INFO: Response Status 	: 200
[11-10-2019 02:43:29] PayPal\Core\PayPalHttpConnection : INFO: POST https://api.sandbox.paypal.com/v1/oauth2/token
[11-10-2019 02:43:30] PayPal\Core\PayPalHttpConnection : INFO: Response Status 	: 200
[11-10-2019 02:43:30] PayPal\Core\PayPalHttpConnection : INFO: GET https://api.sandbox.paypal.com/v1/payments/payment/PAYID-LWP6X5Y0RF33682US9174934
[11-10-2019 02:43:31] PayPal\Core\PayPalHttpConnection : INFO: Response Status 	: 200
[11-10-2019 02:43:59] PayPal\Core\PayPalHttpConnection : INFO: POST https://api.sandbox.paypal.com/v1/oauth2/token
[11-10-2019 02:44:00] PayPal\Core\PayPalHttpConnection : INFO: Response Status 	: 200
[11-10-2019 02:44:00] PayPal\Core\PayPalHttpConnection : INFO: GET https://api.sandbox.paypal.com/v1/payments/payment/PAYID-LWP6VSQ0UE52132LN238854P
[11-10-2019 02:44:01] PayPal\Core\PayPalHttpConnection : INFO: Response Status 	: 200
[11-10-2019 02:45:33] PayPal\Core\PayPalHttpConnection : INFO: POST https://api.sandbox.paypal.com/v1/oauth2/token
[11-10-2019 02:45:34] PayPal\Core\PayPalHttpConnection : INFO: Response Status 	: 200
[11-10-2019 02:45:34] PayPal\Core\PayPalHttpConnection : INFO: GET https://api.sandbox.paypal.com/v1/payments/payment/PAYID-LWP6X5Y0RF33682US9174934
[11-10-2019 02:45:35] PayPal\Core\PayPalHttpConnection : INFO: Response Status 	: 200
[11-10-2019 02:49:13] PayPal\Core\PayPalHttpConnection : INFO: POST https://api.sandbox.paypal.com/v1/oauth2/token
[11-10-2019 02:49:14] PayPal\Core\PayPalHttpConnection : INFO: Response Status 	: 200
[11-10-2019 02:49:14] PayPal\Core\PayPalHttpConnection : INFO: GET https://api.sandbox.paypal.com/v1/payments/payment/PAYID-LWP6X5Y0RF33682US9174934
[11-10-2019 02:49:15] PayPal\Core\PayPalHttpConnection : INFO: Response Status 	: 200
[11-10-2019 02:51:02] PayPal\Core\PayPalHttpConnection : INFO: POST https://api.sandbox.paypal.com/v1/oauth2/token
[11-10-2019 02:51:03] PayPal\Core\PayPalHttpConnection : INFO: Response Status 	: 200
[11-10-2019 02:51:03] PayPal\Core\PayPalHttpConnection : INFO: GET https://api.sandbox.paypal.com/v1/payments/payment/PAYID-LWP6X5Y0RF33682US9174934
[11-10-2019 02:51:04] PayPal\Core\PayPalHttpConnection : INFO: Response Status 	: 200
[11-10-2019 02:51:51] PayPal\Core\PayPalHttpConnection : INFO: POST https://api.sandbox.paypal.com/v1/oauth2/token
[11-10-2019 02:51:52] PayPal\Core\PayPalHttpConnection : INFO: Response Status 	: 200
[11-10-2019 02:51:52] PayPal\Core\PayPalHttpConnection : INFO: GET https://api.sandbox.paypal.com/v1/payments/payment/PAYID-LWP6X5Y0RF33682US9174934
[11-10-2019 02:51:53] PayPal\Core\PayPalHttpConnection : INFO: Response Status 	: 200
[11-10-2019 02:53:56] PayPal\Core\PayPalHttpConnection : INFO: POST https://api.sandbox.paypal.com/v1/oauth2/token
[11-10-2019 02:53:57] PayPal\Core\PayPalHttpConnection : INFO: Response Status 	: 200
[11-10-2019 02:53:57] PayPal\Core\PayPalHttpConnection : INFO: GET https://api.sandbox.paypal.com/v1/payments/payment/PAYID-LWP6X5Y0RF33682US9174934
[11-10-2019 02:53:58] PayPal\Core\PayPalHttpConnection : INFO: Response Status 	: 200
[11-10-2019 02:56:40] PayPal\Core\PayPalHttpConnection : INFO: POST https://api.sandbox.paypal.com/v1/oauth2/token
[11-10-2019 02:56:41] PayPal\Core\PayPalHttpConnection : INFO: Response Status 	: 200
[11-10-2019 02:56:41] PayPal\Core\PayPalHttpConnection : INFO: GET https://api.sandbox.paypal.com/v1/payments/payment/PAYID-LWP6X5Y0RF33682US9174934
[11-10-2019 02:56:42] PayPal\Core\PayPalHttpConnection : INFO: Response Status 	: 200
[11-10-2019 02:58:44] PayPal\Core\PayPalHttpConnection : INFO: POST https://api.sandbox.paypal.com/v1/oauth2/token
[11-10-2019 02:58:44] PayPal\Core\PayPalHttpConnection : INFO: Response Status 	: 200
[11-10-2019 02:58:44] PayPal\Core\PayPalHttpConnection : INFO: GET https://api.sandbox.paypal.com/v1/payments/payment/PAYID-LWP6X5Y0RF33682US9174934
[11-10-2019 02:58:45] PayPal\Core\PayPalHttpConnection : INFO: Response Status 	: 200
[11-10-2019 03:06:05] PayPal\Core\PayPalHttpConnection : INFO: POST https://api.sandbox.paypal.com/v1/oauth2/token
[11-10-2019 03:06:06] PayPal\Core\PayPalHttpConnection : INFO: Response Status 	: 200
[11-10-2019 03:06:06] PayPal\Core\PayPalHttpConnection : INFO: GET https://api.sandbox.paypal.com/v1/payments/payment/PAYID-LWP6X5Y0RF33682US9174934
[11-10-2019 03:06:07] PayPal\Core\PayPalHttpConnection : INFO: Response Status 	: 200
[11-10-2019 03:07:20] PayPal\Core\PayPalHttpConnection : INFO: POST https://api.sandbox.paypal.com/v1/oauth2/token
[11-10-2019 03:07:21] PayPal\Core\PayPalHttpConnection : INFO: Response Status 	: 200
[11-10-2019 03:07:21] PayPal\Core\PayPalHttpConnection : INFO: GET https://api.sandbox.paypal.com/v1/payments/payment/PAYID-LWP6X5Y0RF33682US9174934
[11-10-2019 03:07:22] PayPal\Core\PayPalHttpConnection : INFO: Response Status 	: 200
[11-10-2019 03:07:32] PayPal\Core\PayPalHttpConnection : INFO: POST https://api.sandbox.paypal.com/v1/oauth2/token
[11-10-2019 03:07:33] PayPal\Core\PayPalHttpConnection : INFO: Response Status 	: 200
[11-10-2019 03:07:33] PayPal\Core\PayPalHttpConnection : INFO: GET https://api.sandbox.paypal.com/v1/payments/payment/PAYID-LWP6X5Y0RF33682US9174934
[11-10-2019 03:07:34] PayPal\Core\PayPalHttpConnection : INFO: Response Status 	: 200
[11-10-2019 03:07:35] PayPal\Core\PayPalHttpConnection : INFO: POST https://api.sandbox.paypal.com/v1/oauth2/token
[11-10-2019 03:07:36] PayPal\Core\PayPalHttpConnection : INFO: Response Status 	: 200
[11-10-2019 03:07:36] PayPal\Core\PayPalHttpConnection : INFO: GET https://api.sandbox.paypal.com/v1/payments/payment/PAYID-LWP6X5Y0RF33682US9174934
[11-10-2019 03:07:37] PayPal\Core\PayPalHttpConnection : INFO: Response Status 	: 200
[11-10-2019 03:08:26] PayPal\Core\PayPalHttpConnection : INFO: POST https://api.sandbox.paypal.com/v1/oauth2/token
[11-10-2019 03:08:27] PayPal\Core\PayPalHttpConnection : INFO: Response Status 	: 200
[11-10-2019 03:08:27] PayPal\Core\PayPalHttpConnection : INFO: GET https://api.sandbox.paypal.com/v1/payments/payment/PAYID-LWP6X5Y0RF33682US9174934
[11-10-2019 03:08:28] PayPal\Core\PayPalHttpConnection : INFO: Response Status 	: 200
[11-10-2019 03:09:42] PayPal\Core\PayPalHttpConnection : INFO: POST https://api.sandbox.paypal.com/v1/oauth2/token
[11-10-2019 03:09:43] PayPal\Core\PayPalHttpConnection : INFO: Response Status 	: 200
[11-10-2019 03:09:43] PayPal\Core\PayPalHttpConnection : INFO: GET https://api.sandbox.paypal.com/v1/payments/payment/PAYID-LWP6X5Y0RF33682US9174934
[11-10-2019 03:09:44] PayPal\Core\PayPalHttpConnection : INFO: Response Status 	: 200
